{"location":"script.js:1","message":"Script loaded","data":{"timestamp":1768559011111},"timestamp":1768559011111,"sessionId":"debug-session","runId":"run1","hypothesisId":"A"}
{"location":"script.js:5","message":"Navigation elements check","data":{"navToggleExists":true,"navMenuExists":true,"navLinksCount":4},"timestamp":1768559011117,"sessionId":"debug-session","runId":"run1","hypothesisId":"B"}
{"location":"script.js:55","message":"Catalog elements check","data":{"filterButtonsCount":5,"yarnItemsCount":6},"timestamp":1768559011121,"sessionId":"debug-session","runId":"run1","hypothesisId":"C"}
{"location":"script.js:38","message":"Navbar element check","data":{"navbarExists":true},"timestamp":1768559011120,"sessionId":"debug-session","runId":"run1","hypothesisId":"B"}
{"location":"script.js:92","message":"Lightbox elements check","data":{"lightboxExists":true,"lightboxImageExists":true,"lightboxInfoExists":true,"lightboxCloseExists":true,"yarnZoomButtonsCount":6},"timestamp":1768559011123,"sessionId":"debug-session","runId":"run1","hypothesisId":"D"}
{"location":"script.js:139","message":"Contact form check","data":{"contactFormExists":true},"timestamp":1768559011124,"sessionId":"debug-session","runId":"run1","hypothesisId":"E"}
{"location":"script.js:208","message":"DOMContentLoaded - Image check","data":{"totalImages":7,"brokenImagesCount":7,"brokenImageSrcs":["file:///C:/001%20Anastacio%20escritorio%20MELO/020%20WEBSITES%20SOUTH%20WOOL%20COMPANY/Tango%20Yarns/images/yarn-placeholder.jpg","file:///C:/001%20Anastacio%20escritorio%20MELO/020%20WEBSITES%20SOUTH%20WOOL%20COMPANY/Tango%20Yarns/images/yarn-placeholder.jpg","file:///C:/001%20Anastacio%20escritorio%20MELO/020%20WEBSITES%20SOUTH%20WOOL%20COMPANY/Tango%20Yarns/images/yarn-placeholder.jpg","file:///C:/001%20Anastacio%20escritorio%20MELO/020%20WEBSITES%20SOUTH%20WOOL%20COMPANY/Tango%20Yarns/images/yarn-placeholder.jpg","file:///C:/001%20Anastacio%20escritorio%20MELO/020%20WEBSITES%20SOUTH%20WOOL%20COMPANY/Tango%20Yarns/images/yarn-placeholder.jpg"],"animatedElementsCount":18},"timestamp":1768559011135,"sessionId":"debug-session","runId":"run1","hypothesisId":"F"}
{"location":"script.js:225","message":"Image load error detected","data":{"failedImageSrc":"file:///C:/001%20Anastacio%20escritorio%20MELO/020%20WEBSITES%20SOUTH%20WOOL%20COMPANY/Tango%20Yarns/images/yarn-placeholder.jpg"},"timestamp":1768559013600,"sessionId":"debug-session","runId":"run1","hypothesisId":"F"}
{"location":"script.js:225","message":"Image load error detected","data":{"failedImageSrc":"file:///C:/001%20Anastacio%20escritorio%20MELO/020%20WEBSITES%20SOUTH%20WOOL%20COMPANY/Tango%20Yarns/images/yarn-placeholder.jpg"},"timestamp":1768559013595,"sessionId":"debug-session","runId":"run1","hypothesisId":"F"}
{"location":"script.js:225","message":"Image load error detected","data":{"failedImageSrc":"file:///C:/001%20Anastacio%20escritorio%20MELO/020%20WEBSITES%20SOUTH%20WOOL%20COMPANY/Tango%20Yarns/images/yarn-placeholder.jpg"},"timestamp":1768559013602,"sessionId":"debug-session","runId":"run1","hypothesisId":"F"}
{"location":"script.js:225","message":"Image load error detected","data":{"failedImageSrc":"file:///C:/001%20Anastacio%20escritorio%20MELO/020%20WEBSITES%20SOUTH%20WOOL%20COMPANY/Tango%20Yarns/images/yarn-placeholder.jpg"},"timestamp":1768559013597,"sessionId":"debug-session","runId":"run1","hypothesisId":"F"}
{"location":"script.js:225","message":"Image load error detected","data":{"failedImageSrc":"file:///C:/001%20Anastacio%20escritorio%20MELO/020%20WEBSITES%20SOUTH%20WOOL%20COMPANY/Tango%20Yarns/images/yarn-placeholder.jpg"},"timestamp":1768559013606,"sessionId":"debug-session","runId":"run1","hypothesisId":"F"}
{"location":"script.js:225","message":"Image load error detected","data":{"failedImageSrc":"file:///C:/001%20Anastacio%20escritorio%20MELO/020%20WEBSITES%20SOUTH%20WOOL%20COMPANY/Tango%20Yarns/images/yarn-placeholder.jpg"},"timestamp":1768559013608,"sessionId":"debug-session","runId":"run1","hypothesisId":"F"}
{"location":"script.js:225","message":"Image load error detected","data":{"failedImageSrc":"file:///C:/001%20Anastacio%20escritorio%20MELO/020%20WEBSITES%20SOUTH%20WOOL%20COMPANY/Tango%20Yarns/images/yarn-placeholder.jpg"},"timestamp":1768559017515,"sessionId":"debug-session","runId":"run1","hypothesisId":"F"}
{"location":"script.js:1","message":"Script loaded","data":{"timestamp":1768559177046},"timestamp":1768559177046,"sessionId":"debug-session","runId":"run1","hypothesisId":"A"}
{"location":"script.js:139","message":"Contact form check","data":{"contactFormExists":true},"timestamp":1768559177059,"sessionId":"debug-session","runId":"run1","hypothesisId":"E"}
{"location":"script.js:92","message":"Lightbox elements check","data":{"lightboxExists":true,"lightboxImageExists":true,"lightboxInfoExists":true,"lightboxCloseExists":true,"yarnZoomButtonsCount":6},"timestamp":1768559177057,"sessionId":"debug-session","runId":"run1","hypothesisId":"D"}
{"location":"script.js:38","message":"Navbar element check","data":{"navbarExists":true},"timestamp":1768559177052,"sessionId":"debug-session","runId":"run1","hypothesisId":"B"}
{"location":"script.js:5","message":"Navigation elements check","data":{"navToggleExists":true,"navMenuExists":true,"navLinksCount":4},"timestamp":1768559177049,"sessionId":"debug-session","runId":"run1","hypothesisId":"B"}
{"location":"script.js:55","message":"Catalog elements check","data":{"filterButtonsCount":5,"yarnItemsCount":6},"timestamp":1768559177054,"sessionId":"debug-session","runId":"run1","hypothesisId":"C"}
{"location":"script.js:208","message":"DOMContentLoaded - Image check","data":{"totalImages":7,"brokenImagesCount":7,"brokenImageSrcs":["file:///C:/001%20Anastacio%20escritorio%20MELO/020%20WEBSITES%20SOUTH%20WOOL%20COMPANY/Tango%20Yarns/images/A1-6.jpg","file:///C:/001%20Anastacio%20escritorio%20MELO/020%20WEBSITES%20SOUTH%20WOOL%20COMPANY/Tango%20Yarns/images/A5-12.jpg","file:///C:/001%20Anastacio%20escritorio%20MELO/020%20WEBSITES%20SOUTH%20WOOL%20COMPANY/Tango%20Yarns/images/A11-1-Photoroom.jpg","file:///C:/001%20Anastacio%20escritorio%20MELO/020%20WEBSITES%20SOUTH%20WOOL%20COMPANY/Tango%20Yarns/images/A14-10.jpg","file:///C:/001%20Anastacio%20escritorio%20MELO/020%20WEBSITES%20SOUTH%20WOOL%20COMPANY/Tango%20Yarns/images/A48-06.jpg"],"animatedElementsCount":18},"timestamp":1768559177074,"sessionId":"debug-session","runId":"run1","hypothesisId":"F"}
{"location":"script.js:1","message":"Script loaded","data":{"timestamp":1768559397198},"timestamp":1768559397198,"sessionId":"debug-session","runId":"run1","hypothesisId":"A"}
{"location":"script.js:5","message":"Navigation elements check","data":{"navToggleExists":true,"navMenuExists":true,"navLinksCount":4},"timestamp":1768559397200,"sessionId":"debug-session","runId":"run1","hypothesisId":"B"}
{"location":"script.js:208","message":"DOMContentLoaded - Image check","data":{"totalImages":7,"brokenImagesCount":7,"brokenImageSrcs":["file:///C:/001%20Anastacio%20escritorio%20MELO/020%20WEBSITES%20SOUTH%20WOOL%20COMPANY/Tango%20Yarns/images/A1-6.jpg","file:///C:/001%20Anastacio%20escritorio%20MELO/020%20WEBSITES%20SOUTH%20WOOL%20COMPANY/Tango%20Yarns/images/A5-12.jpg","file:///C:/001%20Anastacio%20escritorio%20MELO/020%20WEBSITES%20SOUTH%20WOOL%20COMPANY/Tango%20Yarns/images/A11-1-Photoroom.jpg","file:///C:/001%20Anastacio%20escritorio%20MELO/020%20WEBSITES%20SOUTH%20WOOL%20COMPANY/Tango%20Yarns/images/A14-10.jpg","file:///C:/001%20Anastacio%20escritorio%20MELO/020%20WEBSITES%20SOUTH%20WOOL%20COMPANY/Tango%20Yarns/images/A48-06.jpg"],"animatedElementsCount":18},"timestamp":1768559397246,"sessionId":"debug-session","runId":"run1","hypothesisId":"F"}
{"location":"script.js:38","message":"Navbar element check","data":{"navbarExists":true},"timestamp":1768559397202,"sessionId":"debug-session","runId":"run1","hypothesisId":"B"}
{"location":"script.js:55","message":"Catalog elements check","data":{"filterButtonsCount":5,"yarnItemsCount":6},"timestamp":1768559397203,"sessionId":"debug-session","runId":"run1","hypothesisId":"C"}
{"location":"script.js:92","message":"Lightbox elements check","data":{"lightboxExists":true,"lightboxImageExists":true,"lightboxInfoExists":true,"lightboxCloseExists":true,"yarnZoomButtonsCount":6},"timestamp":1768559397205,"sessionId":"debug-session","runId":"run1","hypothesisId":"D"}
{"location":"script.js:139","message":"Contact form check","data":{"contactFormExists":true},"timestamp":1768559397207,"sessionId":"debug-session","runId":"run1","hypothesisId":"E"}
{"location":"script.js:5","message":"Navigation elements check","data":{"navToggleExists":true,"navMenuExists":true,"navLinksCount":4},"timestamp":1768559639273,"sessionId":"debug-session","runId":"run1","hypothesisId":"B"}
{"location":"script.js:1","message":"Script loaded","data":{"timestamp":1768559639271},"timestamp":1768559639271,"sessionId":"debug-session","runId":"run1","hypothesisId":"A"}
{"location":"script.js:38","message":"Navbar element check","data":{"navbarExists":true},"timestamp":1768559639274,"sessionId":"debug-session","runId":"run1","hypothesisId":"B"}
{"location":"script.js:55","message":"Catalog elements check","data":{"filterButtonsCount":5,"yarnItemsCount":6},"timestamp":1768559639276,"sessionId":"debug-session","runId":"run1","hypothesisId":"C"}
{"location":"script.js:92","message":"Lightbox elements check","data":{"lightboxExists":true,"lightboxImageExists":true,"lightboxInfoExists":true,"lightboxCloseExists":true,"yarnZoomButtonsCount":6},"timestamp":1768559639277,"sessionId":"debug-session","runId":"run1","hypothesisId":"D"}
{"location":"script.js:139","message":"Contact form check","data":{"contactFormExists":true},"timestamp":1768559639278,"sessionId":"debug-session","runId":"run1","hypothesisId":"E"}
{"location":"script.js:208","message":"DOMContentLoaded - Image check","data":{"totalImages":7,"brokenImagesCount":1,"brokenImageSrcs":["file:///C:/001%20Anastacio%20escritorio%20MELO/020%20WEBSITES%20SOUTH%20WOOL%20COMPANY/Tango%20Yarns/index.html"],"animatedElementsCount":18},"timestamp":1768559639375,"sessionId":"debug-session","runId":"run1","hypothesisId":"F"}
